Using pre-set license
Built from '2021.3/staging' branch; Version is '2021.3.29f1 (204d6dc9ae1c) revision 2116973'; Using compiler version '192829333'; Build Type 'Release'
OS: 'Windows 10  (10.0.19045) 64bit Professional' Language: 'en' Physical Memory: 8123 MB
BatchMode: 1, IsHumanControllingUs: 0, StartBugReporterOnCrash: 0, Is64bit: 1, IsPro: 1

COMMAND LINE ARGUMENTS:
C:\Program Files\Unity\Hub\Editor\2021.3.29f1\Editor\Unity.exe
-adb2
-batchMode
-noUpm
-name
AssetImportWorker2
-projectPath
C:/Users/Alfred/OneDrive/Desktop/UCF Unity Projects/Karting Fall 2023/Karting Fall 2023 new
-logFile
Logs/AssetImportWorker2.log
-srvPort
59805
Successfully changed project path to: C:/Users/Alfred/OneDrive/Desktop/UCF Unity Projects/Karting Fall 2023/Karting Fall 2023 new
C:/Users/Alfred/OneDrive/Desktop/UCF Unity Projects/Karting Fall 2023/Karting Fall 2023 new
[UnityMemory] Configuration Parameters - Can be set up in boot.config
    "memorysetup-bucket-allocator-granularity=16"
    "memorysetup-bucket-allocator-bucket-count=8"
    "memorysetup-bucket-allocator-block-size=33554432"
    "memorysetup-bucket-allocator-block-count=8"
    "memorysetup-main-allocator-block-size=16777216"
    "memorysetup-thread-allocator-block-size=16777216"
    "memorysetup-gfx-main-allocator-block-size=16777216"
    "memorysetup-gfx-thread-allocator-block-size=16777216"
    "memorysetup-cache-allocator-block-size=4194304"
    "memorysetup-typetree-allocator-block-size=2097152"
    "memorysetup-profiler-bucket-allocator-granularity=16"
    "memorysetup-profiler-bucket-allocator-bucket-count=8"
    "memorysetup-profiler-bucket-allocator-block-size=33554432"
    "memorysetup-profiler-bucket-allocator-block-count=8"
    "memorysetup-profiler-allocator-block-size=16777216"
    "memorysetup-profiler-editor-allocator-block-size=1048576"
    "memorysetup-temp-allocator-size-main=16777216"
    "memorysetup-job-temp-allocator-block-size=2097152"
    "memorysetup-job-temp-allocator-block-size-background=1048576"
    "memorysetup-job-temp-allocator-reduction-small-platforms=262144"
    "memorysetup-temp-allocator-size-background-worker=32768"
    "memorysetup-temp-allocator-size-job-worker=262144"
    "memorysetup-temp-allocator-size-preload-manager=33554432"
    "memorysetup-temp-allocator-size-nav-mesh-worker=65536"
    "memorysetup-temp-allocator-size-audio-worker=65536"
    "memorysetup-temp-allocator-size-cloud-worker=32768"
    "memorysetup-temp-allocator-size-gi-baking-worker=262144"
    "memorysetup-temp-allocator-size-gfx=262144"
Player connection [11736] Host "[IP] 192.168.1.31 [Port] 0 [Flags] 2 [Guid] 2478218891 [EditorId] 2478218891 [Version] 1048832 [Id] WindowsEditor(7,DESKTOP-DI4IMTO) [Debug] 1 [PackageName] WindowsEditor [ProjectName] Editor" joined multi-casting on [225.0.0.222:54997]...

Player connection [11736] Host "[IP] 192.168.1.31 [Port] 0 [Flags] 2 [Guid] 2478218891 [EditorId] 2478218891 [Version] 1048832 [Id] WindowsEditor(7,DESKTOP-DI4IMTO) [Debug] 1 [PackageName] WindowsEditor [ProjectName] Editor" joined alternative multi-casting on [225.0.0.222:34997]...

Refreshing native plugins compatible for Editor in 151.37 ms, found 4 plugins.
Preloading 0 native plugins for Editor in 0.00 ms.
Initialize engine version: 2021.3.29f1 (204d6dc9ae1c)
[Subsystems] Discovering subsystems at path C:/Program Files/Unity/Hub/Editor/2021.3.29f1/Editor/Data/Resources/UnitySubsystems
[Subsystems] Discovering subsystems at path C:/Users/Alfred/OneDrive/Desktop/UCF Unity Projects/Karting Fall 2023/Karting Fall 2023 new/Assets
GfxDevice: creating device client; threaded=0; jobified=0
Direct3D:
    Version:  Direct3D 11.0 [level 11.1]
    Renderer: NVIDIA GeForce GTX 1650 (ID=0x1f82)
    Vendor:   NVIDIA
    VRAM:     3949 MB
    Driver:   31.0.15.2698
Initialize mono
Mono path[0] = 'C:/Program Files/Unity/Hub/Editor/2021.3.29f1/Editor/Data/Managed'
Mono path[1] = 'C:/Program Files/Unity/Hub/Editor/2021.3.29f1/Editor/Data/MonoBleedingEdge/lib/mono/unityjit-win32'
Mono config path = 'C:/Program Files/Unity/Hub/Editor/2021.3.29f1/Editor/Data/MonoBleedingEdge/etc'
Using monoOptions --debugger-agent=transport=dt_socket,embedding=1,server=y,suspend=n,address=127.0.0.1:56624
Begin MonoManager ReloadAssembly
Registering precompiled unity dll's ...
Register platform support module: C:/Program Files/Unity/Hub/Editor/2021.3.29f1/Editor/Data/PlaybackEngines/WebGLSupport/UnityEditor.WebGL.Extensions.dll
Register platform support module: C:/Program Files/Unity/Hub/Editor/2021.3.29f1/Editor/Data/PlaybackEngines/WindowsStandaloneSupport/UnityEditor.WindowsStandalone.Extensions.dll
Registered in 0.010546 seconds.
Native extension for WindowsStandalone target not found
Native extension for WebGL target not found
Refreshing native plugins compatible for Editor in 158.40 ms, found 4 plugins.
Preloading 0 native plugins for Editor in 0.00 ms.
Mono: successfully reloaded assembly
- Completed reload, in  1.180 seconds
Domain Reload Profiling:
	ReloadAssembly (1180ms)
		BeginReloadAssembly (154ms)
			ExecutionOrderSort (0ms)
			DisableScriptedObjects (0ms)
			BackupInstance (0ms)
			ReleaseScriptingObjects (0ms)
			CreateAndSetChildDomain (1ms)
		EndReloadAssembly (764ms)
			LoadAssemblies (151ms)
			RebuildTransferFunctionScriptingTraits (0ms)
			SetupTypeCache (285ms)
			ReleaseScriptCaches (0ms)
			RebuildScriptCaches (26ms)
			SetupLoadedEditorAssemblies (390ms)
				LogAssemblyErrors (0ms)
				InitializePlatformSupportModulesInManaged (10ms)
				SetLoadedEditorAssemblies (0ms)
				RefreshPlugins (159ms)
				BeforeProcessingInitializeOnLoad (2ms)
				ProcessInitializeOnLoadAttributes (164ms)
				ProcessInitializeOnLoadMethodAttributes (55ms)
				AfterProcessingInitializeOnLoad (0ms)
				EditorAssembliesLoaded (0ms)
			ExecutionOrderSort2 (0ms)
			AwakeInstancesAfterBackupRestoration (0ms)
Platform modules already initialized, skipping
Registering precompiled user dll's ...
Registered in 0.013909 seconds.
Begin MonoManager ReloadAssembly
Symbol file LoadedFromMemory doesn't match image C:\Users\Alfred\OneDrive\Desktop\UCF Unity Projects\Karting Fall 2023\Karting Fall 2023 new\Library\PackageCache\com.unity.visualscripting@1.8.0\Editor\VisualScripting.Core\Dependencies\YamlDotNet\Unity.VisualScripting.YamlDotNet.dll
Symbol file LoadedFromMemory doesn't match image C:\Users\Alfred\OneDrive\Desktop\UCF Unity Projects\Karting Fall 2023\Karting Fall 2023 new\Library\PackageCache\com.unity.visualscripting@1.8.0\Editor\VisualScripting.Core\Dependencies\DotNetZip\Unity.VisualScripting.IonicZip.dll
Native extension for WindowsStandalone target not found
Native extension for WebGL target not found
Refreshing native plugins compatible for Editor in 145.59 ms, found 4 plugins.
Preloading 0 native plugins for Editor in 0.00 ms.
Mono: successfully reloaded assembly
- Completed reload, in  2.419 seconds
Domain Reload Profiling:
	ReloadAssembly (2420ms)
		BeginReloadAssembly (137ms)
			ExecutionOrderSort (0ms)
			DisableScriptedObjects (6ms)
			BackupInstance (0ms)
			ReleaseScriptingObjects (0ms)
			CreateAndSetChildDomain (20ms)
		EndReloadAssembly (2152ms)
			LoadAssemblies (261ms)
			RebuildTransferFunctionScriptingTraits (0ms)
			SetupTypeCache (474ms)
			ReleaseScriptCaches (1ms)
			RebuildScriptCaches (79ms)
			SetupLoadedEditorAssemblies (1288ms)
				LogAssemblyErrors (0ms)
				InitializePlatformSupportModulesInManaged (13ms)
				SetLoadedEditorAssemblies (0ms)
				RefreshPlugins (146ms)
				BeforeProcessingInitializeOnLoad (165ms)
				ProcessInitializeOnLoadAttributes (870ms)
				ProcessInitializeOnLoadMethodAttributes (82ms)
				AfterProcessingInitializeOnLoad (12ms)
				EditorAssembliesLoaded (0ms)
			ExecutionOrderSort2 (0ms)
			AwakeInstancesAfterBackupRestoration (6ms)
Platform modules already initialized, skipping
========================================================================
Worker process is ready to serve import requests
Launched and connected shader compiler UnityShaderCompiler.exe after 0.12 seconds
Refreshing native plugins compatible for Editor in 1.27 ms, found 4 plugins.
Preloading 0 native plugins for Editor in 0.00 ms.
Unloading 5975 Unused Serialized files (Serialized files now loaded: 0)
Unloading 82 unused Assets / (21.8 MB). Loaded Objects now: 6400.
Memory consumption went from 274.0 MB to 252.2 MB.
Total: 9.193600 ms (FindLiveObjects: 0.651800 ms CreateObjectMapping: 0.220500 ms MarkObjects: 3.974400 ms  DeleteObjects: 4.345100 ms)

AssetImportParameters requested are different than current active one (requested -> active):
  custom:video-decoder-ogg-theora: a1e56fd34408186e4bbccfd4996cb3dc -> 
  custom:container-muxer-webm: aa71ff27fc2769a1b78a27578f13a17b -> 
  custom:container-demuxer-webm: 4f35f7cbe854078d1ac9338744f61a02 -> 
  custom:video-encoder-webm-vp8: eb34c28f22e8b96e1ab97ce403110664 -> 
  custom:CustomObjectIndexerAttribute: 6b0e35c9178b02a6363f3721b7b8e397 -> 
  custom:audio-encoder-webm-vorbis: bf7c407c2cedff20999df2af8eb42d56 -> 
  custom:framework-win-MediaFoundation: 216162199b28c13a410421893ffa2e32 -> 
  custom:container-demuxer-ogg: 62fdf1f143b41e24485cea50d1cbac27 -> 
  custom:video-decoder-webm-vp8: 9c59270c3fd7afecdb556c50c9e8de78 -> 
  custom:audio-decoder-ogg-vorbis: bf7c407c2cedff20999df2af8eb42d56 -> 
========================================================================
Received Import Request.
  Time since last request: 2400523.753255 seconds.
  path: Packages/com.unity.render-pipelines.universal/Editor/2D/Resources/Cinemachine.png
  artifactKey: Guid(ec2f01df0bb1bfe459b5562a9e71c8d4) Importer(815301076,1909f56bfc062723c751e8b465ee728b)
Start importing Packages/com.unity.render-pipelines.universal/Editor/2D/Resources/Cinemachine.png using Guid(ec2f01df0bb1bfe459b5562a9e71c8d4) Importer(815301076,1909f56bfc062723c751e8b465ee728b)  -> (artifact id: '7205de9af442b4b7989227f8c9288a6f') in 0.089876 seconds 
========================================================================
Received Import Request.
  Time since last request: 10.822095 seconds.
  path: Packages/com.unity.cinemachine/Runtime/Behaviours/CinemachineVirtualCamera.cs
  artifactKey: Guid(45e653bab7fb20e499bda25e1b646fea) Importer(815301076,1909f56bfc062723c751e8b465ee728b)
Start importing Packages/com.unity.cinemachine/Runtime/Behaviours/CinemachineVirtualCamera.cs using Guid(45e653bab7fb20e499bda25e1b646fea) Importer(815301076,1909f56bfc062723c751e8b465ee728b)  -> (artifact id: 'd48d96fafd44774eecccc756892b9481') in 0.006528 seconds 
========================================================================
Received Import Request.
  Time since last request: 3.911520 seconds.
  path: Packages/com.unity.cinemachine/Runtime/Core/CinemachineVirtualCameraBase.cs
  artifactKey: Guid(15ebf04de67923d41a36c21e1fc63718) Importer(815301076,1909f56bfc062723c751e8b465ee728b)
Start importing Packages/com.unity.cinemachine/Runtime/Core/CinemachineVirtualCameraBase.cs using Guid(15ebf04de67923d41a36c21e1fc63718) Importer(815301076,1909f56bfc062723c751e8b465ee728b)  -> (artifact id: '4da380dbe80a2a4d1d466a12e444dfaf') in 0.009200 seconds 
========================================================================
Received Import Request.
  Time since last request: 14.648154 seconds.
  path: Packages/com.unity.cinemachine/Editor/Editors/CinemachineVirtualCameraBaseEditor.cs
  artifactKey: Guid(211d719bb25901043833928f50e9d0ea) Importer(815301076,1909f56bfc062723c751e8b465ee728b)
Start importing Packages/com.unity.cinemachine/Editor/Editors/CinemachineVirtualCameraBaseEditor.cs using Guid(211d719bb25901043833928f50e9d0ea) Importer(815301076,1909f56bfc062723c751e8b465ee728b)  -> (artifact id: '2a14b97cd3655650eb690a6e84959f60') in 0.008189 seconds 
========================================================================
Received Import Request.
  Time since last request: 1.017722 seconds.
  path: Packages/com.unity.cinemachine/Editor/Editors/CinemachineVirtualCameraEditor.cs
  artifactKey: Guid(a63f9f2267c36684e855add13ad5499f) Importer(815301076,1909f56bfc062723c751e8b465ee728b)
Start importing Packages/com.unity.cinemachine/Editor/Editors/CinemachineVirtualCameraEditor.cs using Guid(a63f9f2267c36684e855add13ad5499f) Importer(815301076,1909f56bfc062723c751e8b465ee728b)  -> (artifact id: 'b56566a79beff24c6733184a32677d47') in 0.009192 seconds 
========================================================================
Received Prepare
Registering precompiled user dll's ...
Registered in 0.012868 seconds.
Begin MonoManager ReloadAssembly
Symbol file LoadedFromMemory doesn't match image C:\Users\Alfred\OneDrive\Desktop\UCF Unity Projects\Karting Fall 2023\Karting Fall 2023 new\Library\PackageCache\com.unity.visualscripting@1.8.0\Editor\VisualScripting.Core\Dependencies\YamlDotNet\Unity.VisualScripting.YamlDotNet.dll
Symbol file LoadedFromMemory doesn't match image C:\Users\Alfred\OneDrive\Desktop\UCF Unity Projects\Karting Fall 2023\Karting Fall 2023 new\Library\PackageCache\com.unity.visualscripting@1.8.0\Editor\VisualScripting.Core\Dependencies\DotNetZip\Unity.VisualScripting.IonicZip.dll
Native extension for WindowsStandalone target not found
Native extension for WebGL target not found
Refreshing native plugins compatible for Editor in 1.21 ms, found 4 plugins.
Preloading 0 native plugins for Editor in 0.00 ms.
Mono: successfully reloaded assembly
- Completed reload, in  1.412 seconds
Domain Reload Profiling:
	ReloadAssembly (1413ms)
		BeginReloadAssembly (179ms)
			ExecutionOrderSort (0ms)
			DisableScriptedObjects (6ms)
			BackupInstance (0ms)
			ReleaseScriptingObjects (0ms)
			CreateAndSetChildDomain (45ms)
		EndReloadAssembly (1111ms)
			LoadAssemblies (137ms)
			RebuildTransferFunctionScriptingTraits (0ms)
			SetupTypeCache (364ms)
			ReleaseScriptCaches (2ms)
			RebuildScriptCaches (60ms)
			SetupLoadedEditorAssemblies (503ms)
				LogAssemblyErrors (0ms)
				InitializePlatformSupportModulesInManaged (9ms)
				SetLoadedEditorAssemblies (1ms)
				RefreshPlugins (1ms)
				BeforeProcessingInitializeOnLoad (118ms)
				ProcessInitializeOnLoadAttributes (280ms)
				ProcessInitializeOnLoadMethodAttributes (82ms)
				AfterProcessingInitializeOnLoad (13ms)
				EditorAssembliesLoaded (0ms)
			ExecutionOrderSort2 (0ms)
			AwakeInstancesAfterBackupRestoration (11ms)
Platform modules already initialized, skipping
Refreshing native plugins compatible for Editor in 5.78 ms, found 4 plugins.
Preloading 0 native plugins for Editor in 0.00 ms.
Unloading 5819 Unused Serialized files (Serialized files now loaded: 0)
Unloading 62 unused Assets / (21.8 MB). Loaded Objects now: 6418.
Memory consumption went from 261.5 MB to 239.7 MB.
Total: 10.058700 ms (FindLiveObjects: 0.561900 ms CreateObjectMapping: 0.185500 ms MarkObjects: 4.591500 ms  DeleteObjects: 4.718400 ms)

AssetImportParameters requested are different than current active one (requested -> active):
  custom:video-decoder-ogg-theora: a1e56fd34408186e4bbccfd4996cb3dc -> 
  custom:container-muxer-webm: aa71ff27fc2769a1b78a27578f13a17b -> 
  custom:container-demuxer-webm: 4f35f7cbe854078d1ac9338744f61a02 -> 
  custom:video-encoder-webm-vp8: eb34c28f22e8b96e1ab97ce403110664 -> 
  custom:CustomObjectIndexerAttribute: 6b0e35c9178b02a6363f3721b7b8e397 -> 
  custom:audio-encoder-webm-vorbis: bf7c407c2cedff20999df2af8eb42d56 -> 
  custom:framework-win-MediaFoundation: 216162199b28c13a410421893ffa2e32 -> 
  custom:container-demuxer-ogg: 62fdf1f143b41e24485cea50d1cbac27 -> 
  custom:video-decoder-webm-vp8: 9c59270c3fd7afecdb556c50c9e8de78 -> 
  custom:audio-decoder-ogg-vorbis: bf7c407c2cedff20999df2af8eb42d56 -> 
========================================================================
Received Prepare
Registering precompiled user dll's ...
Registered in 0.012706 seconds.
Begin MonoManager ReloadAssembly
Symbol file LoadedFromMemory doesn't match image C:\Users\Alfred\OneDrive\Desktop\UCF Unity Projects\Karting Fall 2023\Karting Fall 2023 new\Library\PackageCache\com.unity.visualscripting@1.8.0\Editor\VisualScripting.Core\Dependencies\YamlDotNet\Unity.VisualScripting.YamlDotNet.dll
Symbol file LoadedFromMemory doesn't match image C:\Users\Alfred\OneDrive\Desktop\UCF Unity Projects\Karting Fall 2023\Karting Fall 2023 new\Library\PackageCache\com.unity.visualscripting@1.8.0\Editor\VisualScripting.Core\Dependencies\DotNetZip\Unity.VisualScripting.IonicZip.dll
Native extension for WindowsStandalone target not found
Native extension for WebGL target not found
Refreshing native plugins compatible for Editor in 1.22 ms, found 4 plugins.
Preloading 0 native plugins for Editor in 0.00 ms.
Mono: successfully reloaded assembly
- Completed reload, in  1.399 seconds
Domain Reload Profiling:
	ReloadAssembly (1400ms)
		BeginReloadAssembly (178ms)
			ExecutionOrderSort (0ms)
			DisableScriptedObjects (6ms)
			BackupInstance (0ms)
			ReleaseScriptingObjects (0ms)
			CreateAndSetChildDomain (47ms)
		EndReloadAssembly (1097ms)
			LoadAssemblies (133ms)
			RebuildTransferFunctionScriptingTraits (0ms)
			SetupTypeCache (362ms)
			ReleaseScriptCaches (2ms)
			RebuildScriptCaches (59ms)
			SetupLoadedEditorAssemblies (495ms)
				LogAssemblyErrors (0ms)
				InitializePlatformSupportModulesInManaged (8ms)
				SetLoadedEditorAssemblies (1ms)
				RefreshPlugins (1ms)
				BeforeProcessingInitializeOnLoad (112ms)
				ProcessInitializeOnLoadAttributes (281ms)
				ProcessInitializeOnLoadMethodAttributes (80ms)
				AfterProcessingInitializeOnLoad (12ms)
				EditorAssembliesLoaded (0ms)
			ExecutionOrderSort2 (0ms)
			AwakeInstancesAfterBackupRestoration (10ms)
Platform modules already initialized, skipping
Refreshing native plugins compatible for Editor in 5.42 ms, found 4 plugins.
Preloading 0 native plugins for Editor in 0.00 ms.
Unloading 5819 Unused Serialized files (Serialized files now loaded: 0)
Unloading 62 unused Assets / (21.8 MB). Loaded Objects now: 6435.
Memory consumption went from 261.5 MB to 239.8 MB.
Total: 9.885500 ms (FindLiveObjects: 0.536700 ms CreateObjectMapping: 0.144300 ms MarkObjects: 3.306600 ms  DeleteObjects: 5.896700 ms)

AssetImportParameters requested are different than current active one (requested -> active):
  custom:video-decoder-ogg-theora: a1e56fd34408186e4bbccfd4996cb3dc -> 
  custom:container-muxer-webm: aa71ff27fc2769a1b78a27578f13a17b -> 
  custom:container-demuxer-webm: 4f35f7cbe854078d1ac9338744f61a02 -> 
  custom:video-encoder-webm-vp8: eb34c28f22e8b96e1ab97ce403110664 -> 
  custom:CustomObjectIndexerAttribute: 6b0e35c9178b02a6363f3721b7b8e397 -> 
  custom:audio-encoder-webm-vorbis: bf7c407c2cedff20999df2af8eb42d56 -> 
  custom:framework-win-MediaFoundation: 216162199b28c13a410421893ffa2e32 -> 
  custom:container-demuxer-ogg: 62fdf1f143b41e24485cea50d1cbac27 -> 
  custom:video-decoder-webm-vp8: 9c59270c3fd7afecdb556c50c9e8de78 -> 
  custom:audio-decoder-ogg-vorbis: bf7c407c2cedff20999df2af8eb42d56 -> 
========================================================================
Received Import Request.
  Time since last request: 406.366953 seconds.
  path: Assets/Karting/Art/Materials/Props/CheckPoint_Particle.mat
  artifactKey: Guid(9b4fae447e271f94dbceadcb2b680633) Importer(815301076,1909f56bfc062723c751e8b465ee728b)
Start importing Assets/Karting/Art/Materials/Props/CheckPoint_Particle.mat using Guid(9b4fae447e271f94dbceadcb2b680633) Importer(815301076,1909f56bfc062723c751e8b465ee728b)  -> (artifact id: '27837f1bc6f27f2d7be490547ad2c89e') in 0.031131 seconds 
========================================================================
Received Import Request.
  Time since last request: 16.697215 seconds.
  path: Packages/com.unity.render-pipelines.core/Runtime/Debugging/Prefabs/Widgets/DebugUIIntField.prefab
  artifactKey: Guid(ae00bb75e0cd5b04b8fe7fb4ab662629) Importer(815301076,1909f56bfc062723c751e8b465ee728b)
Start importing Packages/com.unity.render-pipelines.core/Runtime/Debugging/Prefabs/Widgets/DebugUIIntField.prefab using Guid(ae00bb75e0cd5b04b8fe7fb4ab662629) Importer(815301076,1909f56bfc062723c751e8b465ee728b)  -> (artifact id: 'ded90644d2428d02cdb3a0883db9ff12') in 0.027926 seconds 
========================================================================
Received Import Request.
  Time since last request: 0.000027 seconds.
  path: Packages/com.unity.render-pipelines.core/Runtime/Debugging/Prefabs/Widgets/DebugUIRow.prefab
  artifactKey: Guid(2d019437ff89b8d44949727731cd9357) Importer(815301076,1909f56bfc062723c751e8b465ee728b)
Start importing Packages/com.unity.render-pipelines.core/Runtime/Debugging/Prefabs/Widgets/DebugUIRow.prefab using Guid(2d019437ff89b8d44949727731cd9357) Importer(815301076,1909f56bfc062723c751e8b465ee728b)  -> (artifact id: 'a96db45da414b8f766101705ff1ed3ea') in 0.150359 seconds 
========================================================================
Received Import Request.
  Time since last request: 0.000028 seconds.
  path: Assets/Karting/Prefabs/KartClassic/KartClassic_MLAgent.prefab
  artifactKey: Guid(5f7c5784d4776074089b56351be94b74) Importer(815301076,1909f56bfc062723c751e8b465ee728b)
Start importing Assets/Karting/Prefabs/KartClassic/KartClassic_MLAgent.prefab using Guid(5f7c5784d4776074089b56351be94b74) Importer(815301076,1909f56bfc062723c751e8b465ee728b)  -> (artifact id: '8bef3f97fcafba02664a70f91bf81818') in 0.050554 seconds 
========================================================================
Received Import Request.
  Time since last request: 0.000032 seconds.
  path: Assets/Karting/ModularTrackKit/Prefabs/ModularTrackCantSmallRight.prefab
  artifactKey: Guid(d1fedb17811a845a798a9217e0dbc9aa) Importer(815301076,1909f56bfc062723c751e8b465ee728b)
Start importing Assets/Karting/ModularTrackKit/Prefabs/ModularTrackCantSmallRight.prefab using Guid(d1fedb17811a845a798a9217e0dbc9aa) Importer(815301076,1909f56bfc062723c751e8b465ee728b)  -> (artifact id: 'b6f888660eddc17efe4e6d6c232afb6c') in 0.020147 seconds 
========================================================================
Received Import Request.
  Time since last request: 0.000023 seconds.
  path: Assets/Karting/Prefabs/TrackPieces/Curved Ramps/Jump.prefab
  artifactKey: Guid(6e9f55e8d76a3624a8f195faf6cbf4d3) Importer(815301076,1909f56bfc062723c751e8b465ee728b)
Start importing Assets/Karting/Prefabs/TrackPieces/Curved Ramps/Jump.prefab using Guid(6e9f55e8d76a3624a8f195faf6cbf4d3) Importer(815301076,1909f56bfc062723c751e8b465ee728b)  -> (artifact id: 'd6eef28772b2e54dc32eb7a4d227aa31') in 0.010356 seconds 
========================================================================
Received Import Request.
  Time since last request: 0.000027 seconds.
  path: Assets/Karting/Prefabs/Props/JumpRamp.prefab
  artifactKey: Guid(db0af21853ba047fda7b6e30b74ffedf) Importer(815301076,1909f56bfc062723c751e8b465ee728b)
Start importing Assets/Karting/Prefabs/Props/JumpRamp.prefab using Guid(db0af21853ba047fda7b6e30b74ffedf) Importer(815301076,1909f56bfc062723c751e8b465ee728b)  -> (artifact id: '86344568e41cf97af78af196448614e9') in 0.012278 seconds 
========================================================================
Received Import Request.
  Time since last request: 0.000025 seconds.
  path: Assets/Karting/ModularTrackKit/Prefabs/ModularTrackCurveLarge.prefab
  artifactKey: Guid(06604f26f581c4de08c3f45572924c7d) Importer(815301076,1909f56bfc062723c751e8b465ee728b)
Start importing Assets/Karting/ModularTrackKit/Prefabs/ModularTrackCurveLarge.prefab using Guid(06604f26f581c4de08c3f45572924c7d) Importer(815301076,1909f56bfc062723c751e8b465ee728b)  -> (artifact id: 'e846af3c0c9c6c21a39fad7521b1a139') in 0.012603 seconds 
========================================================================
Received Import Request.
  Time since last request: 0.000032 seconds.
  path: Assets/Karting/ModularTrackKit/Prefabs/ModularTrackBumpyStraight.prefab
  artifactKey: Guid(9b9f6390b3dee44e4ba03d5f3f76dacb) Importer(815301076,1909f56bfc062723c751e8b465ee728b)
Start importing Assets/Karting/ModularTrackKit/Prefabs/ModularTrackBumpyStraight.prefab using Guid(9b9f6390b3dee44e4ba03d5f3f76dacb) Importer(815301076,1909f56bfc062723c751e8b465ee728b)  -> (artifact id: 'b30fd7a427be10f5e32275e4300a5d74') in 0.016730 seconds 
========================================================================
Received Import Request.
  Time since last request: 0.000030 seconds.
  path: Assets/Karting/ModularTrackKit/Prefabs/ModularTrackBank.prefab
  artifactKey: Guid(40edbcc1d6247412ea82349e34d5add5) Importer(815301076,1909f56bfc062723c751e8b465ee728b)
Start importing Assets/Karting/ModularTrackKit/Prefabs/ModularTrackBank.prefab using Guid(40edbcc1d6247412ea82349e34d5add5) Importer(815301076,1909f56bfc062723c751e8b465ee728b)  -> (artifact id: 'd9dbc1bb7a4b835ffee7658e7e7ec903') in 0.017972 seconds 
========================================================================
Received Import Request.
  Time since last request: 0.000027 seconds.
  path: Assets/Karting/ModularTrackKit/Prefabs/ModularTrackCantMediumLeft.prefab
  artifactKey: Guid(ea87863efa0b941408cdd4b102308f4c) Importer(815301076,1909f56bfc062723c751e8b465ee728b)
Start importing Assets/Karting/ModularTrackKit/Prefabs/ModularTrackCantMediumLeft.prefab using Guid(ea87863efa0b941408cdd4b102308f4c) Importer(815301076,1909f56bfc062723c751e8b465ee728b)  -> (artifact id: '61bd864acaa4d71159fea2b73ee043ed') in 0.016209 seconds 
========================================================================
Received Import Request.
  Time since last request: 0.000019 seconds.
  path: Assets/Karting/Prefabs/UI/LoseGameMessage.prefab
  artifactKey: Guid(5dbe1bc8a2e754a37bd391b8506ff1d8) Importer(815301076,1909f56bfc062723c751e8b465ee728b)
Start importing Assets/Karting/Prefabs/UI/LoseGameMessage.prefab using Guid(5dbe1bc8a2e754a37bd391b8506ff1d8) Importer(815301076,1909f56bfc062723c751e8b465ee728b)  -> (artifact id: '569975ff1917a4aab53905d8e0a2c06a') in 0.011764 seconds 
========================================================================
Received Import Request.
  Time since last request: 0.000024 seconds.
  path: Packages/com.unity.render-pipelines.core/Runtime/Debugging/Prefabs/Widgets/DebugUIValue.prefab
  artifactKey: Guid(dc0f88987826e6e48b1fe9c7c2b53a53) Importer(815301076,1909f56bfc062723c751e8b465ee728b)
Start importing Packages/com.unity.render-pipelines.core/Runtime/Debugging/Prefabs/Widgets/DebugUIValue.prefab using Guid(dc0f88987826e6e48b1fe9c7c2b53a53) Importer(815301076,1909f56bfc062723c751e8b465ee728b)  -> (artifact id: '34e58a5ccf444edaa30717116cfab084') in 0.010689 seconds 
========================================================================
Received Import Request.
  Time since last request: 0.000028 seconds.
  path: Assets/Karting/Prefabs/UI/InGameMenu.prefab
  artifactKey: Guid(cf135591008cd4358b09a85e59fcfc1e) Importer(815301076,1909f56bfc062723c751e8b465ee728b)
Start importing Assets/Karting/Prefabs/UI/InGameMenu.prefab using Guid(cf135591008cd4358b09a85e59fcfc1e) Importer(815301076,1909f56bfc062723c751e8b465ee728b)  -> (artifact id: '181cea5fc9c145633537365bde21c3a9') in 0.039902 seconds 
========================================================================
Received Import Request.
  Time since last request: 0.000035 seconds.
  path: Assets/Karting/Prefabs/KartClassic/KartClassic_Player.prefab
  artifactKey: Guid(19954de30401f73428254541a9ad156e) Importer(815301076,1909f56bfc062723c751e8b465ee728b)
Start importing Assets/Karting/Prefabs/KartClassic/KartClassic_Player.prefab using Guid(19954de30401f73428254541a9ad156e) Importer(815301076,1909f56bfc062723c751e8b465ee728b)  -> (artifact id: 'd55ae74480f806f4428c7871a7b57cc5') in 0.017750 seconds 
========================================================================
Received Import Request.
  Time since last request: 0.000027 seconds.
  path: Assets/Karting/Prefabs/Setup/EngineAudio.prefab
  artifactKey: Guid(ec5cb92a3a3d940e48635d86be0448cc) Importer(815301076,1909f56bfc062723c751e8b465ee728b)
Start importing Assets/Karting/Prefabs/Setup/EngineAudio.prefab using Guid(ec5cb92a3a3d940e48635d86be0448cc) Importer(815301076,1909f56bfc062723c751e8b465ee728b)  -> (artifact id: '34ce09988d0d8ffd4117484b47316fdb') in 0.033657 seconds 
========================================================================
Received Import Request.
  Time since last request: 0.000033 seconds.
  path: Assets/Karting/Prefabs/UI/GameHUD.prefab
  artifactKey: Guid(2c5fd2f47a2514711843f1f96c7b2f0c) Importer(815301076,1909f56bfc062723c751e8b465ee728b)
Start importing Assets/Karting/Prefabs/UI/GameHUD.prefab using Guid(2c5fd2f47a2514711843f1f96c7b2f0c) Importer(815301076,1909f56bfc062723c751e8b465ee728b)  -> (artifact id: 'fc44e3fde204a752067db3b0600bed30') in 0.041411 seconds 
========================================================================
Received Import Request.
  Time since last request: 0.000032 seconds.
  path: Assets/Karting/ModularTrackKit/Prefabs/ModularTrackCantMediumRight.prefab
  artifactKey: Guid(877fc6ef080ba4ecd8a8651303bb0d66) Importer(815301076,1909f56bfc062723c751e8b465ee728b)
Start importing Assets/Karting/ModularTrackKit/Prefabs/ModularTrackCantMediumRight.prefab using Guid(877fc6ef080ba4ecd8a8651303bb0d66) Importer(815301076,1909f56bfc062723c751e8b465ee728b)  -> (artifact id: 'cbd609a5e8d3941a8de60639634d6022') in 0.018463 seconds 
========================================================================
Received Import Request.
  Time since last request: 1.117852 seconds.
  path: Assets/Karting/ModularTrackKit/Prefabs/ModularTrackCurveMedium.prefab
  artifactKey: Guid(4f11626d6f47a444289c55bbe896ec98) Importer(815301076,1909f56bfc062723c751e8b465ee728b)
Start importing Assets/Karting/ModularTrackKit/Prefabs/ModularTrackCurveMedium.prefab using Guid(4f11626d6f47a444289c55bbe896ec98) Importer(815301076,1909f56bfc062723c751e8b465ee728b)  -> (artifact id: '7c633c218b1339db830b941c0c4e3d4b') in 0.017633 seconds 
========================================================================
Received Import Request.
  Time since last request: 0.000025 seconds.
  path: Assets/Karting/ModularTrackKit/Prefabs/ModularTrackRampCurveLeft.prefab
  artifactKey: Guid(634c4192803244032a1b1c99cff02eff) Importer(815301076,1909f56bfc062723c751e8b465ee728b)
Start importing Assets/Karting/ModularTrackKit/Prefabs/ModularTrackRampCurveLeft.prefab using Guid(634c4192803244032a1b1c99cff02eff) Importer(815301076,1909f56bfc062723c751e8b465ee728b)  -> (artifact id: '10d1cb3024704ec38d4be8b522e1a494') in 0.016704 seconds 
========================================================================
Received Import Request.
  Time since last request: 0.000022 seconds.
  path: Assets/Karting/ModularTrackKit/Prefabs/ModularTrackSCurveLeft.prefab
  artifactKey: Guid(4ceb0af72927442b89171edb85a2ccfa) Importer(815301076,1909f56bfc062723c751e8b465ee728b)
Start importing Assets/Karting/ModularTrackKit/Prefabs/ModularTrackSCurveLeft.prefab using Guid(4ceb0af72927442b89171edb85a2ccfa) Importer(815301076,1909f56bfc062723c751e8b465ee728b)  -> (artifact id: '4e8e3b7c096ad6acdf7be6c8aea27e77') in 0.017040 seconds 
========================================================================
Received Import Request.
  Time since last request: 0.000026 seconds.
  path: Assets/Karting/ModularTrackKit/Prefabs/ModularTrackStraight.prefab
  artifactKey: Guid(941fac9249b6442cdb2d3f23472128e2) Importer(815301076,1909f56bfc062723c751e8b465ee728b)
Start importing Assets/Karting/ModularTrackKit/Prefabs/ModularTrackStraight.prefab using Guid(941fac9249b6442cdb2d3f23472128e2) Importer(815301076,1909f56bfc062723c751e8b465ee728b)  -> (artifact id: '116dd2faa52167c09c2832107e802cf9') in 0.013096 seconds 
========================================================================
Received Import Request.
  Time since last request: 0.592240 seconds.
  path: Assets/Karting/Prefabs/Tracks/MountainTrack.prefab
  artifactKey: Guid(0bfa237f7a52e4d49b8f974538593e0c) Importer(815301076,1909f56bfc062723c751e8b465ee728b)
Start importing Assets/Karting/Prefabs/Tracks/MountainTrack.prefab using Guid(0bfa237f7a52e4d49b8f974538593e0c) Importer(815301076,1909f56bfc062723c751e8b465ee728b)  -> (artifact id: '9c443de5cc45ed974aede5669d52957a') in 0.019466 seconds 
========================================================================
Received Import Request.
  Time since last request: 0.000027 seconds.
  path: Assets/Karting/Prefabs/VFX/NozzleSmokeVFX.prefab
  artifactKey: Guid(e89850b0c6c7e9f4591f70aa405a18a7) Importer(815301076,1909f56bfc062723c751e8b465ee728b)
Start importing Assets/Karting/Prefabs/VFX/NozzleSmokeVFX.prefab using Guid(e89850b0c6c7e9f4591f70aa405a18a7) Importer(815301076,1909f56bfc062723c751e8b465ee728b)  -> (artifact id: 'aed4c42455a4c7d13579fb6fa5b2d112') in 0.010687 seconds 
========================================================================
Received Import Request.
  Time since last request: 0.000029 seconds.
  path: Assets/Karting/Prefabs/UI/ObjectiveToastSecondary.prefab
  artifactKey: Guid(418abff609b9b754ba25e34faf58edf4) Importer(815301076,1909f56bfc062723c751e8b465ee728b)
Start importing Assets/Karting/Prefabs/UI/ObjectiveToastSecondary.prefab using Guid(418abff609b9b754ba25e34faf58edf4) Importer(815301076,1909f56bfc062723c751e8b465ee728b)  -> (artifact id: 'f98166a6fff9fd9a2c07873ff897e888') in 0.019519 seconds 
========================================================================
Received Import Request.
  Time since last request: 0.000019 seconds.
  path: Assets/Karting/Prefabs/Tracks/OvalTrack.prefab
  artifactKey: Guid(1104577a8dca93f4fbe1cbc32ef89d82) Importer(815301076,1909f56bfc062723c751e8b465ee728b)
Start importing Assets/Karting/Prefabs/Tracks/OvalTrack.prefab using Guid(1104577a8dca93f4fbe1cbc32ef89d82) Importer(815301076,1909f56bfc062723c751e8b465ee728b)  -> (artifact id: '011e4f6290e007cb16dee33e785ba339') in 0.012013 seconds 
========================================================================
Received Import Request.
  Time since last request: 0.000021 seconds.
  path: Assets/Karting/Prefabs/Tracks/OvalTrack_Addon.prefab
  artifactKey: Guid(3cad09ac39b91684385ff5903ded4fc3) Importer(815301076,1909f56bfc062723c751e8b465ee728b)
Start importing Assets/Karting/Prefabs/Tracks/OvalTrack_Addon.prefab using Guid(3cad09ac39b91684385ff5903ded4fc3) Importer(815301076,1909f56bfc062723c751e8b465ee728b)  -> (artifact id: 'a335a63174d77b3dd5cd5a2ddcd7e5ce') in 0.015839 seconds 
========================================================================
Received Import Request.
  Time since last request: 0.000029 seconds.
  path: Assets/Karting/Prefabs/TrackPieces/Curved Ramps/Ramp_Curve_6_30.prefab
  artifactKey: Guid(9d79018a00f9cc046bd23ac607ecf0de) Importer(815301076,1909f56bfc062723c751e8b465ee728b)
Start importing Assets/Karting/Prefabs/TrackPieces/Curved Ramps/Ramp_Curve_6_30.prefab using Guid(9d79018a00f9cc046bd23ac607ecf0de) Importer(815301076,1909f56bfc062723c751e8b465ee728b)  -> (artifact id: 'b3bfe2554cf550135b525409176a5a87') in 0.013220 seconds 
========================================================================
Received Import Request.
  Time since last request: 0.000081 seconds.
  path: Assets/Karting/Prefabs/TrackPieces/Curved Ramps/Ramp_Curve_6_60.prefab
  artifactKey: Guid(4102206a84e5fd140b4487286a1e81c3) Importer(815301076,1909f56bfc062723c751e8b465ee728b)
Start importing Assets/Karting/Prefabs/TrackPieces/Curved Ramps/Ramp_Curve_6_60.prefab using Guid(4102206a84e5fd140b4487286a1e81c3) Importer(815301076,1909f56bfc062723c751e8b465ee728b)  -> (artifact id: 'e01f442568a6bfa3a18383c5c920e2b9') in 0.010249 seconds 
========================================================================
Received Import Request.
  Time since last request: 0.000021 seconds.
  path: Assets/Karting/Prefabs/GameModes/ObjectiveCrashMode.prefab
  artifactKey: Guid(0cfd46575c9fef94e94a772755910886) Importer(815301076,1909f56bfc062723c751e8b465ee728b)
Start importing Assets/Karting/Prefabs/GameModes/ObjectiveCrashMode.prefab using Guid(0cfd46575c9fef94e94a772755910886) Importer(815301076,1909f56bfc062723c751e8b465ee728b)  -> (artifact id: '285498dd8e3e4670f465a3b70424f74b') in 0.016115 seconds 
========================================================================
Received Import Request.
  Time since last request: 0.000024 seconds.
  path: Assets/Karting/Prefabs/TrackPieces/Curved Ramps/Ramp_Curve_12_60.prefab
  artifactKey: Guid(d944f4d01e8814b43b9c1a69a139fd30) Importer(815301076,1909f56bfc062723c751e8b465ee728b)
Start importing Assets/Karting/Prefabs/TrackPieces/Curved Ramps/Ramp_Curve_12_60.prefab using Guid(d944f4d01e8814b43b9c1a69a139fd30) Importer(815301076,1909f56bfc062723c751e8b465ee728b)  -> (artifact id: '405645b87b98ea48945aafe6a0b1df93') in 0.010041 seconds 
========================================================================
Received Import Request.
  Time since last request: 0.000025 seconds.
  path: Assets/Karting/Prefabs/TrackPieces/Curved Ramps/Ramp_Curve_6_90.prefab
  artifactKey: Guid(d8d19a8284e8aae4b96d67a3124ab7c8) Importer(815301076,1909f56bfc062723c751e8b465ee728b)
Start importing Assets/Karting/Prefabs/TrackPieces/Curved Ramps/Ramp_Curve_6_90.prefab using Guid(d8d19a8284e8aae4b96d67a3124ab7c8) Importer(815301076,1909f56bfc062723c751e8b465ee728b)  -> (artifact id: '658f8cc1573f0902476690a097694833') in 0.011143 seconds 
========================================================================
Received Import Request.
  Time since last request: 0.000025 seconds.
  path: Assets/ModAssets/Prefabs/SpeedPad.prefab
  artifactKey: Guid(ca718117a11f745b292c7dba21f42c00) Importer(815301076,1909f56bfc062723c751e8b465ee728b)
Start importing Assets/ModAssets/Prefabs/SpeedPad.prefab using Guid(ca718117a11f745b292c7dba21f42c00) Importer(815301076,1909f56bfc062723c751e8b465ee728b)  -> (artifact id: 'c058dab77de2659bdd7cee8ecc007778') in 0.021023 seconds 
========================================================================
Received Import Request.
  Time since last request: 0.000023 seconds.
  path: Assets/Karting/Prefabs/TrackPieces/Curved Ramps/Ramp_Curve_12_90.prefab
  artifactKey: Guid(5a36f45df02ac244ca57abb7d3324acc) Importer(815301076,1909f56bfc062723c751e8b465ee728b)
Start importing Assets/Karting/Prefabs/TrackPieces/Curved Ramps/Ramp_Curve_12_90.prefab using Guid(5a36f45df02ac244ca57abb7d3324acc) Importer(815301076,1909f56bfc062723c751e8b465ee728b)  -> (artifact id: '2c18fa2ccb0ed139e667ba88a95c6bb8') in 0.011074 seconds 
========================================================================
Received Import Request.
  Time since last request: 0.000024 seconds.
  path: Assets/Karting/Prefabs/TrackPieces/Ramp_Playground.prefab
  artifactKey: Guid(e47e8ca41a199c04bb4df9d428512893) Importer(815301076,1909f56bfc062723c751e8b465ee728b)
Start importing Assets/Karting/Prefabs/TrackPieces/Ramp_Playground.prefab using Guid(e47e8ca41a199c04bb4df9d428512893) Importer(815301076,1909f56bfc062723c751e8b465ee728b)  -> (artifact id: '7c447d24c953c010057cacdd6cfdeca8') in 0.012556 seconds 
========================================================================
Received Import Request.
  Time since last request: 0.000026 seconds.
  path: Assets/Karting/Prefabs/Environment/StoneRound.prefab
  artifactKey: Guid(230dd9257fca2c249b555f6edd3c8e14) Importer(815301076,1909f56bfc062723c751e8b465ee728b)
Start importing Assets/Karting/Prefabs/Environment/StoneRound.prefab using Guid(230dd9257fca2c249b555f6edd3c8e14) Importer(815301076,1909f56bfc062723c751e8b465ee728b)  -> (artifact id: '6a36293ff5276449a5f2f8f4b9fe2be5') in 0.011760 seconds 
========================================================================
Received Import Request.
  Time since last request: 0.748667 seconds.
  path: Packages/com.unity.learn.iet-framework/Tests/Editor/TestPrefab1.prefab
  artifactKey: Guid(e094db015e58a40a482cc8d30e011d3e) Importer(815301076,1909f56bfc062723c751e8b465ee728b)
Start importing Packages/com.unity.learn.iet-framework/Tests/Editor/TestPrefab1.prefab using Guid(e094db015e58a40a482cc8d30e011d3e) Importer(815301076,1909f56bfc062723c751e8b465ee728b)  -> (artifact id: '8d701311bbc374161bb98f6c226b0d97') in 0.011882 seconds 
========================================================================
Received Import Request.
  Time since last request: 0.000023 seconds.
  path: Assets/Karting/Prefabs/UI/TimeDisplayCanvas.prefab
  artifactKey: Guid(8d79384b550589d498c55817e4277af2) Importer(815301076,1909f56bfc062723c751e8b465ee728b)
Start importing Assets/Karting/Prefabs/UI/TimeDisplayCanvas.prefab using Guid(8d79384b550589d498c55817e4277af2) Importer(815301076,1909f56bfc062723c751e8b465ee728b)  -> (artifact id: 'fcc0a08f715d988c6b332abde11dd1a9') in 0.034919 seconds 
========================================================================
Received Import Request.
  Time since last request: 0.000027 seconds.
  path: Assets/Karting/Prefabs/TrackPieces/TrackCamberCurve.prefab
  artifactKey: Guid(e5173aaa61cc2574392f31de57e2dad6) Importer(815301076,1909f56bfc062723c751e8b465ee728b)
Start importing Assets/Karting/Prefabs/TrackPieces/TrackCamberCurve.prefab using Guid(e5173aaa61cc2574392f31de57e2dad6) Importer(815301076,1909f56bfc062723c751e8b465ee728b)  -> (artifact id: 'a7a4de0451d7465014e85060b7a609fb') in 0.021827 seconds 
========================================================================
Received Import Request.
  Time since last request: 0.000026 seconds.
  path: Assets/ModAssets/Prefabs/Hat Prefabs/TopHat.prefab
  artifactKey: Guid(774a4248793f3461bb91a4fe8170cdd7) Importer(815301076,1909f56bfc062723c751e8b465ee728b)
Start importing Assets/ModAssets/Prefabs/Hat Prefabs/TopHat.prefab using Guid(774a4248793f3461bb91a4fe8170cdd7) Importer(815301076,1909f56bfc062723c751e8b465ee728b)  -> (artifact id: 'd16b00ee603c84e7a70e1cafdba97798') in 0.011204 seconds 
========================================================================
Received Import Request.
  Time since last request: 0.000029 seconds.
  path: Assets/Karting/Prefabs/TrackPieces/TrackCurveBig.prefab
  artifactKey: Guid(215971d3cbf499546bc64d67613d3c81) Importer(815301076,1909f56bfc062723c751e8b465ee728b)
Start importing Assets/Karting/Prefabs/TrackPieces/TrackCurveBig.prefab using Guid(215971d3cbf499546bc64d67613d3c81) Importer(815301076,1909f56bfc062723c751e8b465ee728b)  -> (artifact id: '5e23c0f8cb898c327ae08e6b1468b1c0') in 0.014680 seconds 
========================================================================
Received Import Request.
  Time since last request: 0.578259 seconds.
  path: Assets/Karting/Prefabs/TrackPieces/TrackCurveMedium.prefab
  artifactKey: Guid(19855eab27bbfcb40bdc747ff5a0806d) Importer(815301076,1909f56bfc062723c751e8b465ee728b)
Start importing Assets/Karting/Prefabs/TrackPieces/TrackCurveMedium.prefab using Guid(19855eab27bbfcb40bdc747ff5a0806d) Importer(815301076,1909f56bfc062723c751e8b465ee728b)  -> (artifact id: '4f73b0b649de391a884094d571fddc3b') in 0.020733 seconds 
========================================================================
Received Import Request.
  Time since last request: 0.000023 seconds.
  path: Assets/Karting/Prefabs/TrackPieces/TrackToCamber.prefab
  artifactKey: Guid(8a6e80e5d3c417340b1843b94b07fa82) Importer(815301076,1909f56bfc062723c751e8b465ee728b)
Start importing Assets/Karting/Prefabs/TrackPieces/TrackToCamber.prefab using Guid(8a6e80e5d3c417340b1843b94b07fa82) Importer(815301076,1909f56bfc062723c751e8b465ee728b)  -> (artifact id: 'c95328a0af10e6280a26a721e97b3e25') in 0.015450 seconds 
========================================================================
Received Import Request.
  Time since last request: 0.000025 seconds.
  path: Assets/Karting/Prefabs/UI/UI Panel.prefab
  artifactKey: Guid(a7699e394e3ea4941b8b3b315a2280cc) Importer(815301076,1909f56bfc062723c751e8b465ee728b)
Start importing Assets/Karting/Prefabs/UI/UI Panel.prefab using Guid(a7699e394e3ea4941b8b3b315a2280cc) Importer(815301076,1909f56bfc062723c751e8b465ee728b)  -> (artifact id: 'fa73298c5ad4fe4b233fdb8af2552a6c') in 0.032400 seconds 
========================================================================
Received Import Request.
  Time since last request: 0.000043 seconds.
  path: Assets/Karting/Prefabs/Environment/TreeBox.prefab
  artifactKey: Guid(08421f76a47df7249a20d39e885964b3) Importer(815301076,1909f56bfc062723c751e8b465ee728b)
Start importing Assets/Karting/Prefabs/Environment/TreeBox.prefab using Guid(08421f76a47df7249a20d39e885964b3) Importer(815301076,1909f56bfc062723c751e8b465ee728b)  -> (artifact id: '59c7e8aaba933db9e93bed9a63c5b1ca') in 0.011616 seconds 
========================================================================
Received Import Request.
  Time since last request: 0.000023 seconds.
  path: Assets/Karting/Prefabs/TrackPieces/TrackStraightShort.prefab
  artifactKey: Guid(ad9b18b5e2bf23940b0adbbbbd09655f) Importer(815301076,1909f56bfc062723c751e8b465ee728b)
Start importing Assets/Karting/Prefabs/TrackPieces/TrackStraightShort.prefab using Guid(ad9b18b5e2bf23940b0adbbbbd09655f) Importer(815301076,1909f56bfc062723c751e8b465ee728b)  -> (artifact id: '22cb2a2c87ac6ad914eb771397b6ab15') in 0.005108 seconds 
========================================================================
Received Import Request.
  Time since last request: 0.042063 seconds.
  path: Assets/Karting/Prefabs/UI/WinGameMessage.prefab
  artifactKey: Guid(f981094eb6c2a6f4f8a56f85c606e3d1) Importer(815301076,1909f56bfc062723c751e8b465ee728b)
Start importing Assets/Karting/Prefabs/UI/WinGameMessage.prefab using Guid(f981094eb6c2a6f4f8a56f85c606e3d1) Importer(815301076,1909f56bfc062723c751e8b465ee728b)  -> (artifact id: '42613666543503e3066e09c0a3e3f345') in 0.008631 seconds 
Editor requested this worker to shutdown with reason: Scaling down because of idle timeout
AssetImportWorker is now disconnected from the server
Process exiting
Exiting without the bug reporter. Application will terminate with return code 0